==========================================================================================
Layer (type:depth-idx)                   Output Shape              Param #
==========================================================================================
MLPMLPKAN                                [128, 10]                 --
├─MLPLinear: 1-1                         [128, 128]                --
│    └─Sequential: 2-1                   [128, 128]                --
│    │    └─Linear: 3-1                  [128, 128]                100,480
├─MLPLinear: 1-2                         [128, 32]                 --
│    └─Sequential: 2-2                   [128, 32]                 --
│    │    └─Linear: 3-2                  [128, 32]                 4,128
├─KANLinear: 1-3                         [128, 10]                 3,200
│    └─SiLU: 2-3                         [128, 32]                 --
==========================================================================================
Total params: 107,808
Trainable params: 107,808
Non-trainable params: 0
Total mult-adds (M): 13.39
==========================================================================================
Input size (MB): 0.40
Forward/backward pass size (MB): 0.16
Params size (MB): 0.42
Estimated Total Size (MB): 0.98
==========================================================================================
Train Epoch: 1 [0/60000 (0%)]	Loss: 1.236016
Train Epoch: 1 [20480/60000 (33%)]	Loss: 0.335730
Train Epoch: 1 [40960/60000 (67%)]	Loss: 0.318004
Model saved to /home/jzgrp/huiwang/mio/Code/KAN/weights/MLPMLPKAN/MLPMLPKAN_1_checkpoint.pth
Train Epoch: 2 [0/60000 (0%)]	Loss: 0.280670
Train Epoch: 2 [20480/60000 (33%)]	Loss: 0.278998
Train Epoch: 2 [40960/60000 (67%)]	Loss: 0.249119
Model saved to /home/jzgrp/huiwang/mio/Code/KAN/weights/MLPMLPKAN/MLPMLPKAN_2_checkpoint.pth
Train Epoch: 3 [0/60000 (0%)]	Loss: 0.244411
Train Epoch: 3 [20480/60000 (33%)]	Loss: 0.242481
Train Epoch: 3 [40960/60000 (67%)]	Loss: 0.217301
Model saved to /home/jzgrp/huiwang/mio/Code/KAN/weights/MLPMLPKAN/MLPMLPKAN_3_checkpoint.pth
Train Epoch: 4 [0/60000 (0%)]	Loss: 0.196881
Train Epoch: 4 [20480/60000 (33%)]	Loss: 0.187160
Train Epoch: 4 [40960/60000 (67%)]	Loss: 0.204375
Model saved to /home/jzgrp/huiwang/mio/Code/KAN/weights/MLPMLPKAN/MLPMLPKAN_4_checkpoint.pth
Train Epoch: 5 [0/60000 (0%)]	Loss: 0.201334
Train Epoch: 5 [20480/60000 (33%)]	Loss: 0.175126
Train Epoch: 5 [40960/60000 (67%)]	Loss: 0.171986
Model saved to /home/jzgrp/huiwang/mio/Code/KAN/weights/MLPMLPKAN/MLPMLPKAN_5_checkpoint.pth
Training Time: 63.92841410636902
Found 5 .pth file(s) in '/home/jzgrp/huiwang/mio/Code/KAN/weights/MLPMLPKAN':
 - MLPMLPKAN_2_checkpoint.pth
 - MLPMLPKAN_4_checkpoint.pth
 - MLPMLPKAN_1_checkpoint.pth
 - MLPMLPKAN_5_checkpoint.pth
 - MLPMLPKAN_3_checkpoint.pth
Available .pth files:
- MLPMLPKAN_2_checkpoint.pth
- MLPMLPKAN_4_checkpoint.pth
- MLPMLPKAN_1_checkpoint.pth
- MLPMLPKAN_5_checkpoint.pth
- MLPMLPKAN_3_checkpoint.pth
Model loaded from /home/jzgrp/huiwang/mio/Code/KAN/weights/MLPMLPKAN/MLPMLPKAN_2_checkpoint.pth, starting from epoch 2

Test set: Average loss: 0.0001, Accuracy: 9376/10000 (94%)

Inference Time: 1.5203421115875244
Model loaded from /home/jzgrp/huiwang/mio/Code/KAN/weights/MLPMLPKAN/MLPMLPKAN_4_checkpoint.pth, starting from epoch 4

Test set: Average loss: 0.0001, Accuracy: 9494/10000 (95%)

Inference Time: 1.436657190322876
Model loaded from /home/jzgrp/huiwang/mio/Code/KAN/weights/MLPMLPKAN/MLPMLPKAN_1_checkpoint.pth, starting from epoch 1

Test set: Average loss: 0.0001, Accuracy: 9293/10000 (93%)

Inference Time: 1.562685251235962
Model loaded from /home/jzgrp/huiwang/mio/Code/KAN/weights/MLPMLPKAN/MLPMLPKAN_5_checkpoint.pth, starting from epoch 5

Test set: Average loss: 0.0001, Accuracy: 9529/10000 (95%)

Inference Time: 1.590008020401001
Model loaded from /home/jzgrp/huiwang/mio/Code/KAN/weights/MLPMLPKAN/MLPMLPKAN_3_checkpoint.pth, starting from epoch 3

Test set: Average loss: 0.0001, Accuracy: 9432/10000 (94%)

Inference Time: 1.5864486694335938
