==========================================================================================
Layer (type:depth-idx)                   Output Shape              Param #
==========================================================================================
WaveletKAN                               [128, 10]                 --
├─WaveletKANLinear: 1-1                  [128, 128]                401,536
│    └─SiLU: 2-1                         [128, 784]                --
├─WaveletKANLinear: 1-2                  [128, 10]                 5,130
│    └─SiLU: 2-2                         [128, 128]                --
==========================================================================================
Total params: 406,666
Trainable params: 406,666
Non-trainable params: 0
Total mult-adds (M): 0
==========================================================================================
Input size (MB): 0.40
Forward/backward pass size (MB): 0.00
Params size (MB): 0.00
Estimated Total Size (MB): 0.40
==========================================================================================
Train Epoch: 1 [0/60000 (0%)]	Loss: 2.240723
Train Epoch: 1 [20480/60000 (33%)]	Loss: 0.151091
Train Epoch: 1 [40960/60000 (67%)]	Loss: 0.144076
Model saved to /home/jzgrp/huiwang/mio/Code/KAN/weights/WaveletKAN/WaveletKAN_1_checkpoint.pth
Train Epoch: 2 [0/60000 (0%)]	Loss: 0.096885
Train Epoch: 2 [20480/60000 (33%)]	Loss: 0.065602
Train Epoch: 2 [40960/60000 (67%)]	Loss: 0.071148
Model saved to /home/jzgrp/huiwang/mio/Code/KAN/weights/WaveletKAN/WaveletKAN_2_checkpoint.pth
Train Epoch: 3 [0/60000 (0%)]	Loss: 0.055960
Train Epoch: 3 [20480/60000 (33%)]	Loss: 82259.421875
Train Epoch: 3 [40960/60000 (67%)]	Loss: 72.601814
Model saved to /home/jzgrp/huiwang/mio/Code/KAN/weights/WaveletKAN/WaveletKAN_3_checkpoint.pth
Train Epoch: 4 [0/60000 (0%)]	Loss: 4.429210
Train Epoch: 4 [20480/60000 (33%)]	Loss: 1.736510
Train Epoch: 4 [40960/60000 (67%)]	Loss: 1.321079
Model saved to /home/jzgrp/huiwang/mio/Code/KAN/weights/WaveletKAN/WaveletKAN_4_checkpoint.pth
Train Epoch: 5 [0/60000 (0%)]	Loss: 1.211313
Train Epoch: 5 [20480/60000 (33%)]	Loss: 0.805199
Train Epoch: 5 [40960/60000 (67%)]	Loss: 0.739111
Model saved to /home/jzgrp/huiwang/mio/Code/KAN/weights/WaveletKAN/WaveletKAN_5_checkpoint.pth
Training Time: 154.3142385482788
Found 5 .pth file(s) in '/home/jzgrp/huiwang/mio/Code/KAN/weights/WaveletKAN':
 - WaveletKAN_4_checkpoint.pth
 - WaveletKAN_5_checkpoint.pth
 - WaveletKAN_3_checkpoint.pth
 - WaveletKAN_2_checkpoint.pth
 - WaveletKAN_1_checkpoint.pth
Available .pth files:
- WaveletKAN_4_checkpoint.pth
- WaveletKAN_5_checkpoint.pth
- WaveletKAN_3_checkpoint.pth
- WaveletKAN_2_checkpoint.pth
- WaveletKAN_1_checkpoint.pth
Model loaded from /home/jzgrp/huiwang/mio/Code/KAN/weights/WaveletKAN/WaveletKAN_4_checkpoint.pth, starting from epoch 4

Test set: Average loss: 0.0006, Accuracy: 8336/10000 (83%)

Inference Time: 1.2468900680541992
Model loaded from /home/jzgrp/huiwang/mio/Code/KAN/weights/WaveletKAN/WaveletKAN_5_checkpoint.pth, starting from epoch 5

Test set: Average loss: 0.0012, Accuracy: 7400/10000 (74%)

Inference Time: 1.4886834621429443
Model loaded from /home/jzgrp/huiwang/mio/Code/KAN/weights/WaveletKAN/WaveletKAN_3_checkpoint.pth, starting from epoch 3

Test set: Average loss: 0.0021, Accuracy: 7555/10000 (76%)

Inference Time: 1.470801591873169
Model loaded from /home/jzgrp/huiwang/mio/Code/KAN/weights/WaveletKAN/WaveletKAN_2_checkpoint.pth, starting from epoch 2

Test set: Average loss: 0.0001, Accuracy: 9680/10000 (97%)

Inference Time: 1.5963568687438965
Model loaded from /home/jzgrp/huiwang/mio/Code/KAN/weights/WaveletKAN/WaveletKAN_1_checkpoint.pth, starting from epoch 1

Test set: Average loss: 0.0001, Accuracy: 9605/10000 (96%)

Inference Time: 1.561295986175537
