==========================================================================================
Layer (type:depth-idx)                   Output Shape              Param #
==========================================================================================
MLPMLP                                   [128, 10]                 --
├─MLPLinear: 1-1                         [128, 128]                --
│    └─Sequential: 2-1                   [128, 128]                --
│    │    └─Linear: 3-1                  [128, 128]                100,480
├─MLPLinear: 1-2                         [128, 10]                 --
│    └─Sequential: 2-2                   [128, 10]                 --
│    │    └─Linear: 3-2                  [128, 10]                 1,290
==========================================================================================
Total params: 101,770
Trainable params: 101,770
Non-trainable params: 0
Total mult-adds (M): 13.03
==========================================================================================
Input size (MB): 0.40
Forward/backward pass size (MB): 0.14
Params size (MB): 0.41
Estimated Total Size (MB): 0.95
==========================================================================================
Found 5 .pth file(s) in '/home/jzgrp/huiwang/mio/Code/KAN/weights/MLPMLPAdam':
 - MLPMLPAdam_4_checkpoint.pth
 - MLPMLPAdam_5_checkpoint.pth
 - MLPMLPAdam_3_checkpoint.pth
 - MLPMLPAdam_1_checkpoint.pth
 - MLPMLPAdam_2_checkpoint.pth
Available .pth files:
- MLPMLPAdam_4_checkpoint.pth
- MLPMLPAdam_5_checkpoint.pth
- MLPMLPAdam_3_checkpoint.pth
- MLPMLPAdam_1_checkpoint.pth
- MLPMLPAdam_2_checkpoint.pth
Model loaded from /home/jzgrp/huiwang/mio/Code/KAN/weights/MLPMLPAdam/MLPMLPAdam_4_checkpoint.pth, starting from epoch 4

Test set: Average loss: 0.0002, Accuracy: 9043/10000 (90%)

Inference Time: 1.160602331161499
Model loaded from /home/jzgrp/huiwang/mio/Code/KAN/weights/MLPMLPAdam/MLPMLPAdam_5_checkpoint.pth, starting from epoch 5

Test set: Average loss: 0.0002, Accuracy: 9034/10000 (90%)

Inference Time: 0.9926040172576904
Model loaded from /home/jzgrp/huiwang/mio/Code/KAN/weights/MLPMLPAdam/MLPMLPAdam_3_checkpoint.pth, starting from epoch 3

Test set: Average loss: 0.0002, Accuracy: 8995/10000 (90%)

Inference Time: 1.169538974761963
Model loaded from /home/jzgrp/huiwang/mio/Code/KAN/weights/MLPMLPAdam/MLPMLPAdam_1_checkpoint.pth, starting from epoch 1

Test set: Average loss: 0.0005, Accuracy: 7844/10000 (78%)

Inference Time: 1.1835696697235107
Model loaded from /home/jzgrp/huiwang/mio/Code/KAN/weights/MLPMLPAdam/MLPMLPAdam_2_checkpoint.pth, starting from epoch 2

Test set: Average loss: 0.0002, Accuracy: 8907/10000 (89%)

Inference Time: 1.2109551429748535
