==========================================================================================
Layer (type:depth-idx)                   Output Shape              Param #
==========================================================================================
CNNKAN                                   [128, 10]                 --
├─ConvLinear: 1-1                        [128, 16, 14, 14]         --
│    └─Conv2d: 2-1                       [128, 16, 28, 28]         160
│    └─BatchNorm2d: 2-2                  [128, 16, 28, 28]         32
│    └─ReLU: 2-3                         [128, 16, 28, 28]         --
│    └─MaxPool2d: 2-4                    [128, 16, 14, 14]         --
├─ConvLinear: 1-2                        [128, 32, 7, 7]           --
│    └─Conv2d: 2-5                       [128, 32, 14, 14]         4,640
│    └─BatchNorm2d: 2-6                  [128, 32, 14, 14]         64
│    └─ReLU: 2-7                         [128, 32, 14, 14]         --
│    └─MaxPool2d: 2-8                    [128, 32, 7, 7]           --
├─KANLinear: 1-3                         [128, 128]                2,007,040
│    └─SiLU: 2-9                         [128, 1568]               --
├─KANLinear: 1-4                         [128, 10]                 12,800
│    └─SiLU: 2-10                        [128, 128]                --
==========================================================================================
Total params: 2,024,736
Trainable params: 2,024,736
Non-trainable params: 0
Total mult-adds (M): 132.48
==========================================================================================
Input size (MB): 0.40
Forward/backward pass size (MB): 38.54
Params size (MB): 0.02
Estimated Total Size (MB): 38.96
==========================================================================================
Train Epoch: 1 [0/60000 (0%)]	Loss: 1.403823
Train Epoch: 1 [20480/60000 (33%)]	Loss: 0.079325
Train Epoch: 1 [40960/60000 (67%)]	Loss: 0.052883
Model saved to /home/jzgrp/huiwang/mio/Code/KAN/weights/CNNKAN/CNNKAN_1_checkpoint.pth
Train Epoch: 2 [0/60000 (0%)]	Loss: 0.046414
Train Epoch: 2 [20480/60000 (33%)]	Loss: 0.065315
Train Epoch: 2 [40960/60000 (67%)]	Loss: 0.070701
Model saved to /home/jzgrp/huiwang/mio/Code/KAN/weights/CNNKAN/CNNKAN_2_checkpoint.pth
Train Epoch: 3 [0/60000 (0%)]	Loss: 0.042038
Train Epoch: 3 [20480/60000 (33%)]	Loss: 0.050450
Train Epoch: 3 [40960/60000 (67%)]	Loss: 0.043420
Model saved to /home/jzgrp/huiwang/mio/Code/KAN/weights/CNNKAN/CNNKAN_3_checkpoint.pth
Train Epoch: 4 [0/60000 (0%)]	Loss: 0.044278
Train Epoch: 4 [20480/60000 (33%)]	Loss: 0.035566
Train Epoch: 4 [40960/60000 (67%)]	Loss: 0.042793
Model saved to /home/jzgrp/huiwang/mio/Code/KAN/weights/CNNKAN/CNNKAN_4_checkpoint.pth
Train Epoch: 5 [0/60000 (0%)]	Loss: 0.041258
Train Epoch: 5 [20480/60000 (33%)]	Loss: 0.041006
Train Epoch: 5 [40960/60000 (67%)]	Loss: 0.030880
Model saved to /home/jzgrp/huiwang/mio/Code/KAN/weights/CNNKAN/CNNKAN_5_checkpoint.pth
Training Time: 145.70061993598938
Found 5 .pth file(s) in '/home/jzgrp/huiwang/mio/Code/KAN/weights/CNNKAN':
 - CNNKAN_2_checkpoint.pth
 - CNNKAN_5_checkpoint.pth
 - CNNKAN_4_checkpoint.pth
 - CNNKAN_1_checkpoint.pth
 - CNNKAN_3_checkpoint.pth
Available .pth files:
- CNNKAN_2_checkpoint.pth
- CNNKAN_5_checkpoint.pth
- CNNKAN_4_checkpoint.pth
- CNNKAN_1_checkpoint.pth
- CNNKAN_3_checkpoint.pth
Model loaded from /home/jzgrp/huiwang/mio/Code/KAN/weights/CNNKAN/CNNKAN_2_checkpoint.pth, starting from epoch 2

Test set: Average loss: 0.0000, Accuracy: 9892/10000 (99%)

Inference Time: 1.6793851852416992
Model loaded from /home/jzgrp/huiwang/mio/Code/KAN/weights/CNNKAN/CNNKAN_5_checkpoint.pth, starting from epoch 5

Test set: Average loss: 0.0000, Accuracy: 9895/10000 (99%)

Inference Time: 1.3527226448059082
Model loaded from /home/jzgrp/huiwang/mio/Code/KAN/weights/CNNKAN/CNNKAN_4_checkpoint.pth, starting from epoch 4

Test set: Average loss: 0.0000, Accuracy: 9891/10000 (99%)

Inference Time: 1.40879225730896
Model loaded from /home/jzgrp/huiwang/mio/Code/KAN/weights/CNNKAN/CNNKAN_1_checkpoint.pth, starting from epoch 1

Test set: Average loss: 0.0000, Accuracy: 9879/10000 (99%)

Inference Time: 1.4352962970733643
Model loaded from /home/jzgrp/huiwang/mio/Code/KAN/weights/CNNKAN/CNNKAN_3_checkpoint.pth, starting from epoch 3

Test set: Average loss: 0.0000, Accuracy: 9896/10000 (99%)

Inference Time: 1.4269673824310303
