==========================================================================================
Layer (type:depth-idx)                   Output Shape              Param #
==========================================================================================
KANKAN                                   [128, 10]                 --
├─KANLinear: 1-1                         [128, 32]                 250,880
│    └─SiLU: 2-1                         [128, 784]                --
├─KANLinear: 1-2                         [128, 10]                 3,200
│    └─SiLU: 2-2                         [128, 32]                 --
==========================================================================================
Total params: 254,080
Trainable params: 254,080
Non-trainable params: 0
Total mult-adds (M): 0
==========================================================================================
Input size (MB): 0.40
Forward/backward pass size (MB): 0.00
Params size (MB): 0.00
Estimated Total Size (MB): 0.40
==========================================================================================
Train Epoch: 1 [0/60000 (0%)]	Loss: 0.953912
Train Epoch: 1 [20480/60000 (33%)]	Loss: 0.241383
Train Epoch: 1 [40960/60000 (67%)]	Loss: 0.200640
Model saved to /home/jzgrp/huiwang/mio/Code/KAN/weights/KANKAN/KANKAN_1_checkpoint.pth
Train Epoch: 2 [0/60000 (0%)]	Loss: 0.166638
Train Epoch: 2 [20480/60000 (33%)]	Loss: 0.132605
Train Epoch: 2 [40960/60000 (67%)]	Loss: 0.117180
Model saved to /home/jzgrp/huiwang/mio/Code/KAN/weights/KANKAN/KANKAN_2_checkpoint.pth
Train Epoch: 3 [0/60000 (0%)]	Loss: 0.113724
Train Epoch: 3 [20480/60000 (33%)]	Loss: 0.133659
Train Epoch: 3 [40960/60000 (67%)]	Loss: 0.122049
Model saved to /home/jzgrp/huiwang/mio/Code/KAN/weights/KANKAN/KANKAN_3_checkpoint.pth
Train Epoch: 4 [0/60000 (0%)]	Loss: 0.115748
Train Epoch: 4 [20480/60000 (33%)]	Loss: 0.133076
Train Epoch: 4 [40960/60000 (67%)]	Loss: 0.143436
Model saved to /home/jzgrp/huiwang/mio/Code/KAN/weights/KANKAN/KANKAN_4_checkpoint.pth
Train Epoch: 5 [0/60000 (0%)]	Loss: 0.114440
Train Epoch: 5 [20480/60000 (33%)]	Loss: 0.120565
Train Epoch: 5 [40960/60000 (67%)]	Loss: 0.097137
Model saved to /home/jzgrp/huiwang/mio/Code/KAN/weights/KANKAN/KANKAN_5_checkpoint.pth
Training Time: 66.18630170822144
Found 5 .pth file(s) in '/home/jzgrp/huiwang/mio/Code/KAN/weights/KANKAN':
 - KANKAN_3_checkpoint.pth
 - KANKAN_5_checkpoint.pth
 - KANKAN_4_checkpoint.pth
 - KANKAN_1_checkpoint.pth
 - KANKAN_2_checkpoint.pth
Available .pth files:
- KANKAN_3_checkpoint.pth
- KANKAN_5_checkpoint.pth
- KANKAN_4_checkpoint.pth
- KANKAN_1_checkpoint.pth
- KANKAN_2_checkpoint.pth
Model loaded from /home/jzgrp/huiwang/mio/Code/KAN/weights/KANKAN/KANKAN_3_checkpoint.pth, starting from epoch 3

Test set: Average loss: 0.0001, Accuracy: 9617/10000 (96%)

Inference Time: 1.142014980316162
Model loaded from /home/jzgrp/huiwang/mio/Code/KAN/weights/KANKAN/KANKAN_5_checkpoint.pth, starting from epoch 5

Test set: Average loss: 0.0001, Accuracy: 9624/10000 (96%)

Inference Time: 1.1759850978851318
Model loaded from /home/jzgrp/huiwang/mio/Code/KAN/weights/KANKAN/KANKAN_4_checkpoint.pth, starting from epoch 4

Test set: Average loss: 0.0001, Accuracy: 9599/10000 (96%)

Inference Time: 1.3245573043823242
Model loaded from /home/jzgrp/huiwang/mio/Code/KAN/weights/KANKAN/KANKAN_1_checkpoint.pth, starting from epoch 1

Test set: Average loss: 0.0001, Accuracy: 9545/10000 (95%)

Inference Time: 1.0232727527618408
Model loaded from /home/jzgrp/huiwang/mio/Code/KAN/weights/KANKAN/KANKAN_2_checkpoint.pth, starting from epoch 2

Test set: Average loss: 0.0001, Accuracy: 9597/10000 (96%)

Inference Time: 1.3112199306488037
