==========================================================================================
Layer (type:depth-idx)                   Output Shape              Param #
==========================================================================================
KAN                                      [128, 10]                 --
├─KANLinear: 1-1                         [128, 128]                1,003,520
│    └─SiLU: 2-1                         [128, 784]                --
├─KANLinear: 1-2                         [128, 32]                 40,960
│    └─SiLU: 2-2                         [128, 128]                --
├─KANLinear: 1-3                         [128, 10]                 3,200
│    └─SiLU: 2-3                         [128, 32]                 --
==========================================================================================
Total params: 1,047,680
Trainable params: 1,047,680
Non-trainable params: 0
Total mult-adds (M): 0
==========================================================================================
Input size (MB): 0.40
Forward/backward pass size (MB): 0.00
Params size (MB): 0.00
Estimated Total Size (MB): 0.40
==========================================================================================
Train Epoch: 1 [0/60000 (0%)]	Loss: 11.411105
Train Epoch: 1 [20480/60000 (33%)]	Loss: 0.537885
Train Epoch: 1 [40960/60000 (67%)]	Loss: 0.252086
Model saved to /home/jzgrp/huiwang/mio/Code/KAN/weights/KAN/KAN_1_checkpoint.pth
Train Epoch: 2 [0/60000 (0%)]	Loss: 0.191338
Train Epoch: 2 [20480/60000 (33%)]	Loss: 0.184318
Train Epoch: 2 [40960/60000 (67%)]	Loss: 0.163494
Model saved to /home/jzgrp/huiwang/mio/Code/KAN/weights/KAN/KAN_2_checkpoint.pth
Train Epoch: 3 [0/60000 (0%)]	Loss: 0.162695
Train Epoch: 3 [20480/60000 (33%)]	Loss: 0.131864
Train Epoch: 3 [40960/60000 (67%)]	Loss: 0.138542
Model saved to /home/jzgrp/huiwang/mio/Code/KAN/weights/KAN/KAN_3_checkpoint.pth
Train Epoch: 4 [0/60000 (0%)]	Loss: 0.098277
Train Epoch: 4 [20480/60000 (33%)]	Loss: 0.104781
Train Epoch: 4 [40960/60000 (67%)]	Loss: 0.126400
Model saved to /home/jzgrp/huiwang/mio/Code/KAN/weights/KAN/KAN_4_checkpoint.pth
Train Epoch: 5 [0/60000 (0%)]	Loss: 0.110506
Train Epoch: 5 [20480/60000 (33%)]	Loss: 0.124811
Train Epoch: 5 [40960/60000 (67%)]	Loss: 0.130725
Model saved to /home/jzgrp/huiwang/mio/Code/KAN/weights/KAN/KAN_5_checkpoint.pth
Training Time: 226.50650119781494
Found 5 .pth file(s) in '/home/jzgrp/huiwang/mio/Code/KAN/weights/KAN':
 - KAN_5_checkpoint.pth
 - KAN_4_checkpoint.pth
 - KAN_2_checkpoint.pth
 - KAN_3_checkpoint.pth
 - KAN_1_checkpoint.pth
Available .pth files:
- KAN_5_checkpoint.pth
- KAN_4_checkpoint.pth
- KAN_2_checkpoint.pth
- KAN_3_checkpoint.pth
- KAN_1_checkpoint.pth
Model loaded from /home/jzgrp/huiwang/mio/Code/KAN/weights/KAN/KAN_5_checkpoint.pth, starting from epoch 5

Test set: Average loss: 0.0001, Accuracy: 9674/10000 (97%)

Inference Time: 1.2487545013427734
Model loaded from /home/jzgrp/huiwang/mio/Code/KAN/weights/KAN/KAN_4_checkpoint.pth, starting from epoch 4

Test set: Average loss: 0.0001, Accuracy: 9653/10000 (97%)

Inference Time: 1.3592326641082764
Model loaded from /home/jzgrp/huiwang/mio/Code/KAN/weights/KAN/KAN_2_checkpoint.pth, starting from epoch 2

Test set: Average loss: 0.0001, Accuracy: 9588/10000 (96%)

Inference Time: 1.35267972946167
Model loaded from /home/jzgrp/huiwang/mio/Code/KAN/weights/KAN/KAN_3_checkpoint.pth, starting from epoch 3

Test set: Average loss: 0.0001, Accuracy: 9648/10000 (96%)

Inference Time: 1.437669277191162
Model loaded from /home/jzgrp/huiwang/mio/Code/KAN/weights/KAN/KAN_1_checkpoint.pth, starting from epoch 1

Test set: Average loss: 0.0001, Accuracy: 9394/10000 (94%)

Inference Time: 1.3578550815582275
