==========================================================================================
Layer (type:depth-idx)                   Output Shape              Param #
==========================================================================================
MLP                                      [128, 10]                 --
├─MLPLinear: 1-1                         [128, 128]                --
│    └─Sequential: 2-1                   [128, 128]                --
│    │    └─Linear: 3-1                  [128, 128]                100,480
├─MLPLinear: 1-2                         [128, 32]                 --
│    └─Sequential: 2-2                   [128, 32]                 --
│    │    └─Linear: 3-2                  [128, 32]                 4,128
├─MLPLinear: 1-3                         [128, 10]                 --
│    └─Sequential: 2-3                   [128, 10]                 --
│    │    └─Linear: 3-3                  [128, 10]                 330
==========================================================================================
Total params: 104,938
Trainable params: 104,938
Non-trainable params: 0
Total mult-adds (M): 13.43
==========================================================================================
Input size (MB): 0.40
Forward/backward pass size (MB): 0.17
Params size (MB): 0.42
Estimated Total Size (MB): 1.00
==========================================================================================


Model loaded from /home/jzgrp/huiwang/mio/Code/KAN/weights/MLP/MLP_1_checkpoint.pth, starting from epoch 1

Test set: Average loss: 0.0001, Accuracy: 9142/10000 (91%)

Found 9 .pth file(s) in '/home/jzgrp/huiwang/mio/Code/KAN/weights/MLP':
 - MLP_7_checkpoint.pth
 - MLP_5_checkpoint.pth
 - MLP_8_checkpoint.pth
 - MLP_9_checkpoint.pth
 - MLP_1_checkpoint.pth
 - MLP_2_checkpoint.pth
 - MLP_6_checkpoint.pth
 - MLP_4_checkpoint.pth
 - MLP_3_checkpoint.pth
Available .pth files:
- MLP_7_checkpoint.pth
- MLP_5_checkpoint.pth
- MLP_8_checkpoint.pth
- MLP_9_checkpoint.pth
- MLP_1_checkpoint.pth
- MLP_2_checkpoint.pth
- MLP_6_checkpoint.pth
- MLP_4_checkpoint.pth
- MLP_3_checkpoint.pth
Model loaded from /home/jzgrp/huiwang/mio/Code/KAN/weights/MLP/MLP_7_checkpoint.pth, starting from epoch 7

Test set: Average loss: 0.0001, Accuracy: 9194/10000 (92%)

Inference Time: 1.7854485511779785
Model loaded from /home/jzgrp/huiwang/mio/Code/KAN/weights/MLP/MLP_5_checkpoint.pth, starting from epoch 5

Test set: Average loss: 0.0001, Accuracy: 9191/10000 (92%)

Inference Time: 1.6798286437988281
Model loaded from /home/jzgrp/huiwang/mio/Code/KAN/weights/MLP/MLP_8_checkpoint.pth, starting from epoch 8

Test set: Average loss: 0.0001, Accuracy: 9148/10000 (91%)

Inference Time: 1.4460217952728271
Model loaded from /home/jzgrp/huiwang/mio/Code/KAN/weights/MLP/MLP_9_checkpoint.pth, starting from epoch 9

Test set: Average loss: 0.0001, Accuracy: 9170/10000 (92%)

Inference Time: 1.166442632675171
Model loaded from /home/jzgrp/huiwang/mio/Code/KAN/weights/MLP/MLP_1_checkpoint.pth, starting from epoch 1

Test set: Average loss: 0.0001, Accuracy: 9133/10000 (91%)

Inference Time: 1.4289705753326416
Model loaded from /home/jzgrp/huiwang/mio/Code/KAN/weights/MLP/MLP_2_checkpoint.pth, starting from epoch 2

Test set: Average loss: 0.0001, Accuracy: 9186/10000 (92%)

Inference Time: 1.290513515472412
Model loaded from /home/jzgrp/huiwang/mio/Code/KAN/weights/MLP/MLP_6_checkpoint.pth, starting from epoch 6

Test set: Average loss: 0.0001, Accuracy: 9200/10000 (92%)

Inference Time: 1.4125885963439941
Model loaded from /home/jzgrp/huiwang/mio/Code/KAN/weights/MLP/MLP_4_checkpoint.pth, starting from epoch 4

Test set: Average loss: 0.0001, Accuracy: 9167/10000 (92%)

Inference Time: 1.3935050964355469
Model loaded from /home/jzgrp/huiwang/mio/Code/KAN/weights/MLP/MLP_3_checkpoint.pth, starting from epoch 3

Test set: Average loss: 0.0001, Accuracy: 9187/10000 (92%)

Inference Time: 1.211108922958374
